<?xml version="1.0" encoding="UTF-8"?>
<!-- Generated by org.testng.reporters.JUnitReportReporter -->
<testsuite hostname="Nana-PC" failures="0" tests="1" name="com.SwadeshMart.Testcases.LoginTestCRM" time="17.846" errors="0" timestamp="2021-02-03T15:23:59 IST" skipped="0">
  <testcase classname="com.SwadeshMart.Testcases.LoginTestCRM" name="LoginApp" time="17.846"/>
  <system-out/>
</testsuite> <!-- com.SwadeshMart.Testcases.LoginTestCRM -->
